<?xml version="1.0" encoding="UTF-8"?>
<!-- Generated by org.testng.reporters.JUnitReportReporter -->
<testsuite hostname="LAPTOP-GCEPLDKO" failures="0" tests="2" name="com.bdtwo.TestRunnerr.TestRunnerBdTwo" time="30.589" errors="0" timestamp="2021-08-11T23:16:53 PDT" skipped="0">
  <testcase classname="com.bdtwo.TestRunnerr.TestRunnerBdTwo" name="feature" time="15.670"/>
  <system-out/>
  <testcase classname="com.bdtwo.TestRunnerr.TestRunnerBdTwo" name="feature" time="14.919"/>
  <system-out/>
</testsuite> <!-- com.bdtwo.TestRunnerr.TestRunnerBdTwo -->
