<?xml version="1.0" encoding="UTF-8"?>
<!-- Generated by org.testng.reporters.JUnitReportReporter -->
<testsuite hostname="LAPTOP-GCEPLDKO" failures="0" tests="2" name="com.bdtwo.TestRunnerr.TestRunnerBdTwo" time="25.287" errors="0" timestamp="2021-07-25T22:24:56 PDT" skipped="0">
  <testcase classname="com.bdtwo.TestRunnerr.TestRunnerBdTwo" name="feature" time="10.070"/>
  <system-out/>
  <testcase classname="com.bdtwo.TestRunnerr.TestRunnerBdTwo" name="feature" time="15.217"/>
  <system-out/>
</testsuite> <!-- com.bdtwo.TestRunnerr.TestRunnerBdTwo -->
